1500271495.986147 client started (38427): version 2.5, socket /private/tmp/tmux-501/default, protocol 8
1500271495.986180 on Darwin 16.6.0 Darwin Kernel Version 16.6.0: Fri Apr 14 16:21:16 PDT 2017; root:xnu-3789.60.24~6/RELEASE_X86_64; libevent 2.1.8-stable (select)
1500271495.986216 socket is /private/tmp/tmux-501/default
1500271495.986230 trying connect
1500271495.986308 add peer 0x7f8b50002000: 6 (0x0)
1500271495.987401 sending message 100 to peer 0x7f8b50002000 (4 bytes)
1500271495.987416 sending message 101 to peer 0x7f8b50002000 (15 bytes)
1500271495.987420 sending message 102 to peer 0x7f8b50002000 (13 bytes)
1500271495.987424 sending message 108 to peer 0x7f8b50002000 (20 bytes)
1500271495.987434 sending message 104 to peer 0x7f8b50002000 (0 bytes)
1500271495.987437 sending message 107 to peer 0x7f8b50002000 (4 bytes)
1500271495.987441 sending message 105 to peer 0x7f8b50002000 (38 bytes)
1500271495.987444 sending message 105 to peer 0x7f8b50002000 (57 bytes)
1500271495.987448 sending message 105 to peer 0x7f8b50002000 (16 bytes)
1500271495.987451 sending message 105 to peer 0x7f8b50002000 (16 bytes)
1500271495.987455 sending message 105 to peer 0x7f8b50002000 (66 bytes)
1500271495.987458 sending message 105 to peer 0x7f8b50002000 (76 bytes)
1500271495.987462 sending message 105 to peer 0x7f8b50002000 (458 bytes)
1500271495.987466 sending message 105 to peer 0x7f8b50002000 (12 bytes)
1500271495.987469 sending message 105 to peer 0x7f8b50002000 (19 bytes)
1500271495.987473 sending message 105 to peer 0x7f8b50002000 (22 bytes)
1500271495.987476 sending message 105 to peer 0x7f8b50002000 (9 bytes)
1500271495.987480 sending message 105 to peer 0x7f8b50002000 (14 bytes)
1500271495.987483 sending message 105 to peer 0x7f8b50002000 (55 bytes)
1500271495.987486 sending message 105 to peer 0x7f8b50002000 (13 bytes)
1500271495.987490 sending message 105 to peer 0x7f8b50002000 (130 bytes)
1500271495.987494 sending message 105 to peer 0x7f8b50002000 (61 bytes)
1500271495.987497 sending message 105 to peer 0x7f8b50002000 (17 bytes)
1500271495.987501 sending message 105 to peer 0x7f8b50002000 (77 bytes)
1500271495.987504 sending message 105 to peer 0x7f8b50002000 (16 bytes)
1500271495.987508 sending message 105 to peer 0x7f8b50002000 (24 bytes)
1500271495.987511 sending message 105 to peer 0x7f8b50002000 (24 bytes)
1500271495.987515 sending message 105 to peer 0x7f8b50002000 (8 bytes)
1500271495.987518 sending message 105 to peer 0x7f8b50002000 (22 bytes)
1500271495.987521 sending message 105 to peer 0x7f8b50002000 (17 bytes)
1500271495.987525 sending message 105 to peer 0x7f8b50002000 (20 bytes)
1500271495.987528 sending message 105 to peer 0x7f8b50002000 (24 bytes)
1500271495.987532 sending message 105 to peer 0x7f8b50002000 (26 bytes)
1500271495.987535 sending message 105 to peer 0x7f8b50002000 (11 bytes)
1500271495.987539 sending message 105 to peer 0x7f8b50002000 (8 bytes)
1500271495.987542 sending message 105 to peer 0x7f8b50002000 (21 bytes)
1500271495.987545 sending message 105 to peer 0x7f8b50002000 (32 bytes)
1500271495.987549 sending message 105 to peer 0x7f8b50002000 (38 bytes)
1500271495.987552 sending message 105 to peer 0x7f8b50002000 (11 bytes)
1500271495.987556 sending message 105 to peer 0x7f8b50002000 (70 bytes)
1500271495.987559 sending message 105 to peer 0x7f8b50002000 (77 bytes)
1500271495.987563 sending message 105 to peer 0x7f8b50002000 (75 bytes)
1500271495.987566 sending message 105 to peer 0x7f8b50002000 (82 bytes)
1500271495.987570 sending message 105 to peer 0x7f8b50002000 (44 bytes)
1500271495.987573 sending message 105 to peer 0x7f8b50002000 (43 bytes)
1500271495.987577 sending message 105 to peer 0x7f8b50002000 (48 bytes)
1500271495.987580 sending message 105 to peer 0x7f8b50002000 (56 bytes)
1500271495.987584 sending message 105 to peer 0x7f8b50002000 (61 bytes)
1500271495.987587 sending message 105 to peer 0x7f8b50002000 (60 bytes)
1500271495.987591 sending message 105 to peer 0x7f8b50002000 (19 bytes)
1500271495.987594 sending message 105 to peer 0x7f8b50002000 (59 bytes)
1500271495.987598 sending message 105 to peer 0x7f8b50002000 (44 bytes)
1500271495.987611 sending message 105 to peer 0x7f8b50002000 (30 bytes)
1500271495.987615 sending message 105 to peer 0x7f8b50002000 (61 bytes)
1500271495.987618 sending message 105 to peer 0x7f8b50002000 (36 bytes)
1500271495.987622 sending message 105 to peer 0x7f8b50002000 (51 bytes)
1500271495.987625 sending message 105 to peer 0x7f8b50002000 (17 bytes)
1500271495.987629 sending message 105 to peer 0x7f8b50002000 (15 bytes)
1500271495.987632 sending message 106 to peer 0x7f8b50002000 (0 bytes)
1500271495.987638 sending message 200 to peer 0x7f8b50002000 (4 bytes)
1500271495.987643 client loop enter
1500271495.989162 peer 0x7f8b50002000 message 207
1500271495.989182 sending message 208 to peer 0x7f8b50002000 (0 bytes)
1500271768.427375 sending message 205 to peer 0x7f8b50002000 (0 bytes)
1500271768.429817 peer 0x7f8b50002000 message 204
1500271768.429837 client loop exit
